Started GET "/" for 127.0.0.1 at 2017-06-18 11:37:43 +0800
Processing by Rails::WelcomeController#index as HTML
  Rendering /Users/chenchen/.rbenv/versions/2.4.1/lib/ruby/gems/2.4.0/gems/railties-5.1.1/lib/rails/templates/rails/welcome/index.html.erb
  Rendered /Users/chenchen/.rbenv/versions/2.4.1/lib/ruby/gems/2.4.0/gems/railties-5.1.1/lib/rails/templates/rails/welcome/index.html.erb (3.3ms)
Completed 200 OK in 221ms (Views: 9.5ms)


Started GET "/" for 127.0.0.1 at 2017-06-18 11:41:14 +0800
Processing by Rails::WelcomeController#index as HTML
  Rendering /Users/chenchen/.rbenv/versions/2.4.1/lib/ruby/gems/2.4.0/gems/railties-5.1.1/lib/rails/templates/rails/welcome/index.html.erb
  Rendered /Users/chenchen/.rbenv/versions/2.4.1/lib/ruby/gems/2.4.0/gems/railties-5.1.1/lib/rails/templates/rails/welcome/index.html.erb (3.3ms)
Completed 200 OK in 10ms (Views: 6.1ms)


Started GET "/" for 127.0.0.1 at 2017-06-18 11:41:20 +0800
Processing by Rails::WelcomeController#index as HTML
  Rendering /Users/chenchen/.rbenv/versions/2.4.1/lib/ruby/gems/2.4.0/gems/railties-5.1.1/lib/rails/templates/rails/welcome/index.html.erb
  Rendered /Users/chenchen/.rbenv/versions/2.4.1/lib/ruby/gems/2.4.0/gems/railties-5.1.1/lib/rails/templates/rails/welcome/index.html.erb (2.9ms)
Completed 200 OK in 8ms (Views: 5.3ms)


  [1m[35m (0.6ms)[0m  [1m[34mSELECT sqlite_version(*)[0m
  [1m[35m (3.2ms)[0m  [1m[35mCREATE TABLE "schema_migrations" ("version" varchar NOT NULL PRIMARY KEY)[0m
  [1m[35m (0.9ms)[0m  [1m[35mCREATE TABLE "ar_internal_metadata" ("key" varchar NOT NULL PRIMARY KEY, "value" varchar, "created_at" datetime NOT NULL, "updated_at" datetime NOT NULL)[0m
  [1m[35m (0.2ms)[0m  [1m[34mSELECT "schema_migrations"."version" FROM "schema_migrations" ORDER BY "schema_migrations"."version" ASC[0m
Migrating to CreateIdeas (20170618034340)
  [1m[35m (0.1ms)[0m  [1m[36mbegin transaction[0m
  [1m[35m (0.3ms)[0m  [1m[35mCREATE TABLE "ideas" ("id" INTEGER PRIMARY KEY AUTOINCREMENT NOT NULL, "name" varchar, "description" text, "picture" varchar, "created_at" datetime NOT NULL, "updated_at" datetime NOT NULL)[0m
  [1m[35mSQL (0.1ms)[0m  [1m[32mINSERT INTO "schema_migrations" ("version") VALUES (?)[0m  [["version", "20170618034340"]]
  [1m[35m (1.2ms)[0m  [1m[36mcommit transaction[0m
  [1m[36mActiveRecord::InternalMetadata Load (0.1ms)[0m  [1m[34mSELECT  "ar_internal_metadata".* FROM "ar_internal_metadata" WHERE "ar_internal_metadata"."key" = ? LIMIT ?[0m  [["key", "environment"], ["LIMIT", 1]]
  [1m[35m (0.0ms)[0m  [1m[36mbegin transaction[0m
  [1m[35mSQL (0.2ms)[0m  [1m[32mINSERT INTO "ar_internal_metadata" ("key", "value", "created_at", "updated_at") VALUES (?, ?, ?, ?)[0m  [["key", "environment"], ["value", "development"], ["created_at", "2017-06-18 03:44:46.950974"], ["updated_at", "2017-06-18 03:44:46.950974"]]
  [1m[35m (0.7ms)[0m  [1m[36mcommit transaction[0m
  [1m[35m (0.1ms)[0m  [1m[34mSELECT "schema_migrations"."version" FROM "schema_migrations" ORDER BY "schema_migrations"."version" ASC[0m
Started GET "/ideas" for 127.0.0.1 at 2017-06-18 11:49:24 +0800
  [1m[35m (0.5ms)[0m  [1m[34mSELECT "schema_migrations"."version" FROM "schema_migrations" ORDER BY "schema_migrations"."version" ASC[0m
Processing by IdeasController#index as HTML
  Rendering ideas/index.html.erb within layouts/application
  [1m[36mIdea Load (0.6ms)[0m  [1m[34mSELECT "ideas".* FROM "ideas"[0m
  Rendered ideas/index.html.erb within layouts/application (4.5ms)
Completed 200 OK in 383ms (Views: 371.0ms | ActiveRecord: 1.0ms)


Started GET "/ideas/new" for 127.0.0.1 at 2017-06-18 11:49:44 +0800
Processing by IdeasController#new as HTML
  Rendering ideas/new.html.erb within layouts/application
  Rendered ideas/_form.html.erb (31.5ms) [cache miss]
  Rendered ideas/new.html.erb within layouts/application (35.3ms)
Completed 200 OK in 75ms (Views: 62.5ms | ActiveRecord: 0.5ms)


Started POST "/ideas" for 127.0.0.1 at 2017-06-18 11:50:29 +0800
Processing by IdeasController#create as HTML
  Parameters: {"utf8"=>"✓", "authenticity_token"=>"zuPaiQDdKsbQnL83vvfxkOn/tavHz80iPkYi8TlmuZSZpuDxAiuFjX/K64+OzR5w5/Q2PeacNu9EWX5hYvgy/Q==", "idea"=>{"name"=>"Jennifer's Blog", "description"=>"Welcome to Jennifer's Blog!", "picture"=>"ahahahaha"}, "commit"=>"Create Idea"}
  [1m[35m (0.1ms)[0m  [1m[36mbegin transaction[0m
  [1m[35mSQL (1.1ms)[0m  [1m[32mINSERT INTO "ideas" ("name", "description", "picture", "created_at", "updated_at") VALUES (?, ?, ?, ?, ?)[0m  [["name", "Jennifer's Blog"], ["description", "Welcome to Jennifer's Blog!"], ["picture", "ahahahaha"], ["created_at", "2017-06-18 03:50:29.725046"], ["updated_at", "2017-06-18 03:50:29.725046"]]
  [1m[35m (0.8ms)[0m  [1m[36mcommit transaction[0m
Redirected to http://localhost:4096/ideas/1
Completed 302 Found in 8ms (ActiveRecord: 2.0ms)


Started GET "/ideas/1" for 127.0.0.1 at 2017-06-18 11:50:29 +0800
Processing by IdeasController#show as HTML
  Parameters: {"id"=>"1"}
  [1m[36mIdea Load (0.2ms)[0m  [1m[34mSELECT  "ideas".* FROM "ideas" WHERE "ideas"."id" = ? LIMIT ?[0m  [["id", 1], ["LIMIT", 1]]
  Rendering ideas/show.html.erb within layouts/application
  Rendered ideas/show.html.erb within layouts/application (0.9ms)
Completed 200 OK in 27ms (Views: 20.6ms | ActiveRecord: 0.2ms)


Started GET "/ideas" for 127.0.0.1 at 2017-06-18 11:50:52 +0800
Processing by IdeasController#index as HTML
  Rendering ideas/index.html.erb within layouts/application
  [1m[36mIdea Load (0.2ms)[0m  [1m[34mSELECT "ideas".* FROM "ideas"[0m
  Rendered ideas/index.html.erb within layouts/application (2.4ms)
Completed 200 OK in 44ms (Views: 38.4ms | ActiveRecord: 0.2ms)


Started GET "/ideas/1" for 127.0.0.1 at 2017-06-18 11:51:03 +0800
Processing by IdeasController#show as HTML
  Parameters: {"id"=>"1"}
  [1m[36mIdea Load (0.4ms)[0m  [1m[34mSELECT  "ideas".* FROM "ideas" WHERE "ideas"."id" = ? LIMIT ?[0m  [["id", 1], ["LIMIT", 1]]
  Rendering ideas/show.html.erb within layouts/application
  Rendered ideas/show.html.erb within layouts/application (1.7ms)
Completed 200 OK in 51ms (Views: 45.8ms | ActiveRecord: 0.4ms)


Started GET "/ideas" for 127.0.0.1 at 2017-06-18 11:51:07 +0800
Processing by IdeasController#index as HTML
  Rendering ideas/index.html.erb within layouts/application
  [1m[36mIdea Load (0.3ms)[0m  [1m[34mSELECT "ideas".* FROM "ideas"[0m
  Rendered ideas/index.html.erb within layouts/application (3.7ms)
Completed 200 OK in 39ms (Views: 36.4ms | ActiveRecord: 0.2ms)


Started GET "/ideas/new" for 127.0.0.1 at 2017-06-18 11:51:13 +0800
Processing by IdeasController#new as HTML
  Rendering ideas/new.html.erb within layouts/application
  Rendered ideas/_form.html.erb (6.3ms) [cache miss]
  Rendered ideas/new.html.erb within layouts/application (9.5ms)
Completed 200 OK in 46ms (Views: 43.4ms | ActiveRecord: 0.0ms)


Started POST "/ideas" for 127.0.0.1 at 2017-06-18 11:51:28 +0800
Processing by IdeasController#create as HTML
  Parameters: {"utf8"=>"✓", "authenticity_token"=>"R8q6iog2oPKXvUZgBs3p1HJijpd5SvJZ4obVJ68c9H8Qj4DyisAPuTjrEtg29wY0fGkNAVgZCZSYmYm39IJ/Fg==", "idea"=>{"name"=>"hey you", "description"=>"test test", "picture"=>"12345"}, "commit"=>"Create Idea"}
  [1m[35m (0.1ms)[0m  [1m[36mbegin transaction[0m
  [1m[35mSQL (0.3ms)[0m  [1m[32mINSERT INTO "ideas" ("name", "description", "picture", "created_at", "updated_at") VALUES (?, ?, ?, ?, ?)[0m  [["name", "hey you"], ["description", "test test"], ["picture", "12345"], ["created_at", "2017-06-18 03:51:28.162443"], ["updated_at", "2017-06-18 03:51:28.162443"]]
  [1m[35m (0.7ms)[0m  [1m[36mcommit transaction[0m
Redirected to http://localhost:4096/ideas/2
Completed 302 Found in 4ms (ActiveRecord: 1.1ms)


Started GET "/ideas/2" for 127.0.0.1 at 2017-06-18 11:51:28 +0800
Processing by IdeasController#show as HTML
  Parameters: {"id"=>"2"}
  [1m[36mIdea Load (0.2ms)[0m  [1m[34mSELECT  "ideas".* FROM "ideas" WHERE "ideas"."id" = ? LIMIT ?[0m  [["id", 2], ["LIMIT", 1]]
  Rendering ideas/show.html.erb within layouts/application
  Rendered ideas/show.html.erb within layouts/application (0.8ms)
Completed 200 OK in 26ms (Views: 22.9ms | ActiveRecord: 0.2ms)


Started GET "/ideas" for 127.0.0.1 at 2017-06-18 11:51:29 +0800
Processing by IdeasController#index as HTML
  Rendering ideas/index.html.erb within layouts/application
  [1m[36mIdea Load (0.5ms)[0m  [1m[34mSELECT "ideas".* FROM "ideas"[0m
  Rendered ideas/index.html.erb within layouts/application (9.1ms)
Completed 200 OK in 38ms (Views: 33.9ms | ActiveRecord: 0.5ms)


Started GET "/ideas" for 127.0.0.1 at 2017-06-18 12:01:16 +0800
Processing by IdeasController#index as HTML
  Rendering ideas/index.html.erb within layouts/application
  [1m[36mIdea Load (0.4ms)[0m  [1m[34mSELECT "ideas".* FROM "ideas"[0m
  Rendered ideas/index.html.erb within layouts/application (1.9ms)
Completed 200 OK in 32ms (Views: 29.1ms | ActiveRecord: 0.4ms)


Started GET "/ideas" for 127.0.0.1 at 2017-06-18 12:03:15 +0800
Processing by IdeasController#index as HTML
  Rendering ideas/index.html.erb within layouts/application
  [1m[36mIdea Load (0.2ms)[0m  [1m[34mSELECT "ideas".* FROM "ideas"[0m
  Rendered ideas/index.html.erb within layouts/application (1.6ms)
Completed 200 OK in 28ms (Views: 25.6ms | ActiveRecord: 0.2ms)


Started GET "/ideas" for 127.0.0.1 at 2017-06-18 12:04:20 +0800
Processing by IdeasController#index as HTML
  Rendering ideas/index.html.erb within layouts/application
  [1m[36mIdea Load (0.4ms)[0m  [1m[34mSELECT "ideas".* FROM "ideas"[0m
  Rendered ideas/index.html.erb within layouts/application (3.3ms)
Completed 200 OK in 32ms (Views: 29.3ms | ActiveRecord: 0.4ms)


Started GET "/ideas/2" for 127.0.0.1 at 2017-06-18 12:04:35 +0800
Processing by IdeasController#show as HTML
  Parameters: {"id"=>"2"}
  [1m[36mIdea Load (0.1ms)[0m  [1m[34mSELECT  "ideas".* FROM "ideas" WHERE "ideas"."id" = ? LIMIT ?[0m  [["id", 2], ["LIMIT", 1]]
  Rendering ideas/show.html.erb within layouts/application
  Rendered ideas/show.html.erb within layouts/application (0.8ms)
Completed 200 OK in 25ms (Views: 22.1ms | ActiveRecord: 0.1ms)


Started GET "/ideas" for 127.0.0.1 at 2017-06-18 12:04:47 +0800
Processing by IdeasController#index as HTML
  Rendering ideas/index.html.erb within layouts/application
  [1m[36mIdea Load (1.5ms)[0m  [1m[34mSELECT "ideas".* FROM "ideas"[0m
  Rendered ideas/index.html.erb within layouts/application (5.1ms)
Completed 200 OK in 32ms (Views: 28.5ms | ActiveRecord: 1.5ms)


Started GET "/ideas" for 127.0.0.1 at 2017-06-18 12:04:58 +0800
Processing by IdeasController#index as HTML
  Rendering ideas/index.html.erb within layouts/application
  [1m[36mIdea Load (0.2ms)[0m  [1m[34mSELECT "ideas".* FROM "ideas"[0m
  Rendered ideas/index.html.erb within layouts/application (2.6ms)
Completed 200 OK in 28ms (Views: 25.2ms | ActiveRecord: 0.2ms)


Started GET "/ideas" for 127.0.0.1 at 2017-06-18 12:31:26 +0800
  [1m[35m (0.5ms)[0m  [1m[34mSELECT "schema_migrations"."version" FROM "schema_migrations" ORDER BY "schema_migrations"."version" ASC[0m
Processing by IdeasController#index as HTML
  Rendering ideas/index.html.erb within layouts/application
  [1m[36mIdea Load (0.5ms)[0m  [1m[34mSELECT "ideas".* FROM "ideas"[0m
  Rendered ideas/index.html.erb within layouts/application (11.5ms)
Completed 200 OK in 188ms (Views: 175.8ms | ActiveRecord: 1.1ms)


Started GET "/ideas" for 127.0.0.1 at 2017-06-18 13:01:05 +0800
Processing by IdeasController#index as HTML
  Rendering ideas/index.html.erb within layouts/application
  [1m[36mIdea Load (0.7ms)[0m  [1m[34mSELECT "ideas".* FROM "ideas"[0m
  Rendered ideas/index.html.erb within layouts/application (5.2ms)
Completed 200 OK in 38ms (Views: 34.0ms | ActiveRecord: 0.7ms)


Started GET "/ideas" for 127.0.0.1 at 2017-06-18 13:01:32 +0800
Processing by IdeasController#index as HTML
  Rendering ideas/index.html.erb within layouts/application
  [1m[36mIdea Load (0.5ms)[0m  [1m[34mSELECT "ideas".* FROM "ideas"[0m
  Rendered ideas/index.html.erb within layouts/application (3.2ms)
Completed 200 OK in 31ms (Views: 28.4ms | ActiveRecord: 0.5ms)


Started GET "/ideas" for 127.0.0.1 at 2017-06-18 13:02:21 +0800
Processing by IdeasController#index as HTML
  Rendering ideas/index.html.erb within layouts/application
  [1m[36mIdea Load (0.2ms)[0m  [1m[34mSELECT "ideas".* FROM "ideas"[0m
  Rendered ideas/index.html.erb within layouts/application (2.1ms)
Completed 200 OK in 78ms (Views: 27.8ms | ActiveRecord: 0.2ms)


Started GET "/ideas" for 127.0.0.1 at 2017-06-18 13:02:33 +0800
Processing by IdeasController#index as HTML
  Rendering ideas/index.html.erb within layouts/application
  [1m[36mIdea Load (0.3ms)[0m  [1m[34mSELECT "ideas".* FROM "ideas"[0m
  Rendered ideas/index.html.erb within layouts/application (2.9ms)
Completed 200 OK in 35ms (Views: 31.7ms | ActiveRecord: 0.3ms)


Started GET "/ideas" for 127.0.0.1 at 2017-06-18 13:09:12 +0800
Processing by IdeasController#index as HTML
  Rendering ideas/index.html.erb within layouts/application
  [1m[36mIdea Load (0.2ms)[0m  [1m[34mSELECT "ideas".* FROM "ideas"[0m
  Rendered ideas/index.html.erb within layouts/application (2.2ms)
Completed 200 OK in 34ms (Views: 32.5ms | ActiveRecord: 0.2ms)


Started GET "/ideas" for 127.0.0.1 at 2017-06-18 13:09:59 +0800
Processing by IdeasController#index as HTML
  Rendering ideas/index.html.erb within layouts/application
  [1m[36mIdea Load (0.2ms)[0m  [1m[34mSELECT "ideas".* FROM "ideas"[0m
  Rendered ideas/index.html.erb within layouts/application (3.4ms)
Completed 200 OK in 28ms (Views: 26.1ms | ActiveRecord: 0.2ms)


Started GET "/ideas" for 127.0.0.1 at 2017-06-18 13:12:13 +0800
Processing by IdeasController#index as HTML
  Rendering ideas/index.html.erb within layouts/application
  [1m[36mIdea Load (0.2ms)[0m  [1m[34mSELECT "ideas".* FROM "ideas"[0m
  Rendered ideas/index.html.erb within layouts/application (2.8ms)
Completed 200 OK in 32ms (Views: 29.3ms | ActiveRecord: 0.2ms)


Started GET "/ideas" for 127.0.0.1 at 2017-06-18 13:16:08 +0800
  [1m[35m (0.6ms)[0m  [1m[34mSELECT "schema_migrations"."version" FROM "schema_migrations" ORDER BY "schema_migrations"."version" ASC[0m
Processing by IdeasController#index as HTML
  Rendering ideas/index.html.erb within layouts/application
  [1m[36mIdea Load (0.6ms)[0m  [1m[34mSELECT "ideas".* FROM "ideas"[0m
  Rendered ideas/index.html.erb within layouts/application (10.2ms)
Completed 200 OK in 188ms (Views: 175.3ms | ActiveRecord: 1.3ms)


Started GET "/ideas" for 127.0.0.1 at 2017-06-18 13:16:35 +0800
Processing by IdeasController#index as HTML
  Rendering ideas/index.html.erb within layouts/application
  [1m[36mIdea Load (0.2ms)[0m  [1m[34mSELECT "ideas".* FROM "ideas"[0m
  Rendered ideas/index.html.erb within layouts/application (2.2ms)
Completed 200 OK in 23ms (Views: 20.6ms | ActiveRecord: 0.2ms)


Started GET "/ideas/new" for 127.0.0.1 at 2017-06-18 13:16:37 +0800
Processing by IdeasController#new as HTML
  Rendering ideas/new.html.erb within layouts/application
  Rendered ideas/_form.html.erb (18.2ms) [cache miss]
  Rendered ideas/new.html.erb within layouts/application (19.9ms)
Completed 200 OK in 54ms (Views: 51.4ms | ActiveRecord: 0.0ms)


Started POST "/ideas" for 127.0.0.1 at 2017-06-18 13:17:37 +0800
Processing by IdeasController#create as HTML
  Parameters: {"utf8"=>"✓", "authenticity_token"=>"ZVBtTZ4CqDBQjpHW62OuDCQ5ZocFsLEp+52QpR0H0GgyFVc1nPQHe//YxW7bWUHsKjLlESTjSuSBgsw1RplbAQ==", "idea"=>{"name"=>"jennifer1", "description"=>"Hi this is Jenny.", "picture"=>#<ActionDispatch::Http::UploadedFile:0x007fce93502fd0 @tempfile=#<Tempfile:/var/folders/cn/5bl9z_rj4v946lfmk9cw8mrm0000gn/T/RackMultipart20170618-71450-4b9974.jpg>, @original_filename="image_1450613967.630277.jpg", @content_type="image/jpeg", @headers="Content-Disposition: form-data; name=\"idea[picture]\"; filename=\"image_1450613967.630277.jpg\"\r\nContent-Type: image/jpeg\r\n">}, "commit"=>"Create Idea"}
  [1m[35m (0.1ms)[0m  [1m[36mbegin transaction[0m
  [1m[35mSQL (1.2ms)[0m  [1m[32mINSERT INTO "ideas" ("name", "description", "picture", "created_at", "updated_at") VALUES (?, ?, ?, ?, ?)[0m  [["name", "jennifer1"], ["description", "Hi this is Jenny."], ["picture", "#<ActionDispatch::Http::UploadedFile:0x007fce93502fd0>"], ["created_at", "2017-06-18 05:17:37.630477"], ["updated_at", "2017-06-18 05:17:37.630477"]]
  [1m[35m (4.1ms)[0m  [1m[36mcommit transaction[0m
Redirected to http://localhost:4096/ideas/3
Completed 302 Found in 10ms (ActiveRecord: 5.4ms)


Started GET "/ideas/3" for 127.0.0.1 at 2017-06-18 13:17:37 +0800
Processing by IdeasController#show as HTML
  Parameters: {"id"=>"3"}
  [1m[36mIdea Load (0.2ms)[0m  [1m[34mSELECT  "ideas".* FROM "ideas" WHERE "ideas"."id" = ? LIMIT ?[0m  [["id", 3], ["LIMIT", 1]]
  Rendering ideas/show.html.erb within layouts/application
  Rendered ideas/show.html.erb within layouts/application (9.3ms)
Completed 500 Internal Server Error in 17ms (ActiveRecord: 0.2ms)


  
ActionView::Template::Error (undefined method `picture_url' for #<Idea:0x007fce946c5948>
Did you mean?  picture_was):
    12: 
    13: <p>
    14:   <strong>Picture:</strong>
    15:   <%= image_tag(@idea.picture_url, width: 600) if @idea.picture.present? %>
    16: </p>
    17: 
    18: <%= link_to 'Edit', edit_idea_path(@idea) %> |
  
app/views/ideas/show.html.erb:15:in `_app_views_ideas_show_html_erb__965719096233622543_70262615057000'
Started GET "/ideas/new" for 127.0.0.1 at 2017-06-18 13:17:44 +0800
Processing by IdeasController#new as HTML
  Rendering ideas/new.html.erb within layouts/application
  Rendered ideas/_form.html.erb (3.7ms) [cache miss]
  Rendered ideas/new.html.erb within layouts/application (6.2ms)
Completed 200 OK in 54ms (Views: 50.2ms | ActiveRecord: 0.0ms)


Started POST "/ideas" for 127.0.0.1 at 2017-06-18 13:18:21 +0800
Processing by IdeasController#create as HTML
  Parameters: {"utf8"=>"✓", "authenticity_token"=>"VWfTdgvvb2wHy618eDSKAiku6uJby5EY27EVEhUCrbMCIukOCRnAJ6id+cRIDmXiJyVpdHqYatWhrkmCTpwm2g==", "idea"=>{"name"=>"jenny1", "description"=>"hey this is jennyfer.", "picture"=>#<ActionDispatch::Http::UploadedFile:0x007fce9351acc0 @tempfile=#<Tempfile:/var/folders/cn/5bl9z_rj4v946lfmk9cw8mrm0000gn/T/RackMultipart20170618-71450-1or0ldc.jpg>, @original_filename="image_1450613967.630277.jpg", @content_type="image/jpeg", @headers="Content-Disposition: form-data; name=\"idea[picture]\"; filename=\"image_1450613967.630277.jpg\"\r\nContent-Type: image/jpeg\r\n">}, "commit"=>"Create Idea"}
  [1m[35m (0.2ms)[0m  [1m[36mbegin transaction[0m
  [1m[35mSQL (0.4ms)[0m  [1m[32mINSERT INTO "ideas" ("name", "description", "picture", "created_at", "updated_at") VALUES (?, ?, ?, ?, ?)[0m  [["name", "jenny1"], ["description", "hey this is jennyfer."], ["picture", "#<ActionDispatch::Http::UploadedFile:0x007fce9351acc0>"], ["created_at", "2017-06-18 05:18:21.187948"], ["updated_at", "2017-06-18 05:18:21.187948"]]
  [1m[35m (1.2ms)[0m  [1m[36mcommit transaction[0m
Redirected to http://localhost:4096/ideas/4
Completed 302 Found in 5ms (ActiveRecord: 1.8ms)


Started GET "/ideas/4" for 127.0.0.1 at 2017-06-18 13:18:21 +0800
Processing by IdeasController#show as HTML
  Parameters: {"id"=>"4"}
  [1m[36mIdea Load (0.2ms)[0m  [1m[34mSELECT  "ideas".* FROM "ideas" WHERE "ideas"."id" = ? LIMIT ?[0m  [["id", 4], ["LIMIT", 1]]
  Rendering ideas/show.html.erb within layouts/application
  Rendered ideas/show.html.erb within layouts/application (9.5ms)
Completed 500 Internal Server Error in 17ms (ActiveRecord: 0.2ms)


  
ActionView::Template::Error (undefined method `picture_url' for #<Idea:0x007fce8e3e0d50>
Did you mean?  picture_was):
    12: 
    13: <p>
    14:   <strong>Picture:</strong>
    15:   <%= image_tag(@idea.picture_url, width: 600) if @idea.picture.present? %>
    16: </p>
    17: 
    18: <%= link_to 'Edit', edit_idea_path(@idea) %> |
  
app/views/ideas/show.html.erb:15:in `_app_views_ideas_show_html_erb__965719096233622543_70262574767000'
Started GET "/ideas/4" for 127.0.0.1 at 2017-06-18 13:18:49 +0800
Processing by IdeasController#show as HTML
  Parameters: {"id"=>"4"}
  [1m[36mIdea Load (0.6ms)[0m  [1m[34mSELECT  "ideas".* FROM "ideas" WHERE "ideas"."id" = ? LIMIT ?[0m  [["id", 4], ["LIMIT", 1]]
  Rendering ideas/show.html.erb within layouts/application
  Rendered ideas/show.html.erb within layouts/application (1.1ms)
Completed 200 OK in 42ms (Views: 20.4ms | ActiveRecord: 1.3ms)


Started GET "/ideas/4/edit" for 127.0.0.1 at 2017-06-18 13:18:53 +0800
Processing by IdeasController#edit as HTML
  Parameters: {"id"=>"4"}
  [1m[36mIdea Load (0.1ms)[0m  [1m[34mSELECT  "ideas".* FROM "ideas" WHERE "ideas"."id" = ? LIMIT ?[0m  [["id", 4], ["LIMIT", 1]]
  Rendering ideas/edit.html.erb within layouts/application
  Rendered ideas/_form.html.erb (5.9ms) [cache miss]
  Rendered ideas/edit.html.erb within layouts/application (8.6ms)
Completed 200 OK in 36ms (Views: 32.4ms | ActiveRecord: 0.1ms)


Started PATCH "/ideas/4" for 127.0.0.1 at 2017-06-18 13:18:58 +0800
Processing by IdeasController#update as HTML
  Parameters: {"utf8"=>"✓", "authenticity_token"=>"zlJj6q0bPl2WPaPutrQ/9zvtcvWizWPQYLiqL56atAblV4F0GM3VVuhxrkZK2sLoesjTvfUkPdEo+xLAuC2nww==", "idea"=>{"name"=>"jenny1", "description"=>"hey this is jennyfer.", "picture"=>#<ActionDispatch::Http::UploadedFile:0x007fce8e2fff08 @tempfile=#<Tempfile:/var/folders/cn/5bl9z_rj4v946lfmk9cw8mrm0000gn/T/RackMultipart20170618-71450-1yvl2w3.jpg>, @original_filename="image_1450613967.630277.jpg", @content_type="image/jpeg", @headers="Content-Disposition: form-data; name=\"idea[picture]\"; filename=\"image_1450613967.630277.jpg\"\r\nContent-Type: image/jpeg\r\n">}, "commit"=>"Update Idea", "id"=>"4"}
  [1m[36mIdea Load (0.1ms)[0m  [1m[34mSELECT  "ideas".* FROM "ideas" WHERE "ideas"."id" = ? LIMIT ?[0m  [["id", 4], ["LIMIT", 1]]
  [1m[35m (0.1ms)[0m  [1m[36mbegin transaction[0m
  [1m[35mSQL (0.4ms)[0m  [1m[33mUPDATE "ideas" SET "picture" = ?, "updated_at" = ? WHERE "ideas"."id" = ?[0m  [["picture", "image_1450613967.630277.jpg"], ["updated_at", "2017-06-18 05:18:58.317672"], ["id", 4]]
  [1m[35m (0.8ms)[0m  [1m[36mcommit transaction[0m
Redirected to http://localhost:4096/ideas/4
Completed 302 Found in 16ms (ActiveRecord: 1.3ms)


Started GET "/ideas/4" for 127.0.0.1 at 2017-06-18 13:18:58 +0800
Processing by IdeasController#show as HTML
  Parameters: {"id"=>"4"}
  [1m[36mIdea Load (0.8ms)[0m  [1m[34mSELECT  "ideas".* FROM "ideas" WHERE "ideas"."id" = ? LIMIT ?[0m  [["id", 4], ["LIMIT", 1]]
  Rendering ideas/show.html.erb within layouts/application
  Rendered ideas/show.html.erb within layouts/application (1.1ms)
Completed 200 OK in 25ms (Views: 21.0ms | ActiveRecord: 0.8ms)


Started GET "/" for 127.0.0.1 at 2017-06-18 13:21:30 +0800
Processing by Rails::WelcomeController#index as HTML
  Rendering /Users/chenchen/.rbenv/versions/2.4.1/lib/ruby/gems/2.4.0/gems/railties-5.1.1/lib/rails/templates/rails/welcome/index.html.erb
  Rendered /Users/chenchen/.rbenv/versions/2.4.1/lib/ruby/gems/2.4.0/gems/railties-5.1.1/lib/rails/templates/rails/welcome/index.html.erb (2.6ms)
Completed 200 OK in 8ms (Views: 5.1ms | ActiveRecord: 0.0ms)


Started GET "/" for 127.0.0.1 at 2017-06-18 13:21:30 +0800
Processing by Rails::WelcomeController#index as HTML
  Rendering /Users/chenchen/.rbenv/versions/2.4.1/lib/ruby/gems/2.4.0/gems/railties-5.1.1/lib/rails/templates/rails/welcome/index.html.erb
  Rendered /Users/chenchen/.rbenv/versions/2.4.1/lib/ruby/gems/2.4.0/gems/railties-5.1.1/lib/rails/templates/rails/welcome/index.html.erb (3.5ms)
Completed 200 OK in 9ms (Views: 6.5ms | ActiveRecord: 0.0ms)


Started GET "/ideas/4/edit" for 127.0.0.1 at 2017-06-18 13:21:40 +0800
Processing by IdeasController#edit as HTML
  Parameters: {"id"=>"4"}
  [1m[36mIdea Load (0.1ms)[0m  [1m[34mSELECT  "ideas".* FROM "ideas" WHERE "ideas"."id" = ? LIMIT ?[0m  [["id", 4], ["LIMIT", 1]]
  Rendering ideas/edit.html.erb within layouts/application
  Rendered ideas/_form.html.erb (3.1ms) [cache miss]
  Rendered ideas/edit.html.erb within layouts/application (5.0ms)
Completed 200 OK in 33ms (Views: 30.8ms | ActiveRecord: 0.1ms)


Started PATCH "/ideas/4" for 127.0.0.1 at 2017-06-18 13:21:48 +0800
Processing by IdeasController#update as HTML
  Parameters: {"utf8"=>"✓", "authenticity_token"=>"auAhPOa4mn8v/q2DN4VJDz7F/W5hRJ9Sdq8csRPfh1BB5cOiU25xdFGyoCvL67QQf+BcJjatwVM+7KReNWiUlQ==", "idea"=>{"name"=>"jenny1", "description"=>"hey this is jennyfer."}, "commit"=>"Update Idea", "id"=>"4"}
  [1m[36mIdea Load (0.2ms)[0m  [1m[34mSELECT  "ideas".* FROM "ideas" WHERE "ideas"."id" = ? LIMIT ?[0m  [["id", 4], ["LIMIT", 1]]
  [1m[35m (0.1ms)[0m  [1m[36mbegin transaction[0m
  [1m[35m (0.1ms)[0m  [1m[36mcommit transaction[0m
Redirected to http://localhost:4096/ideas/4
Completed 302 Found in 4ms (ActiveRecord: 0.3ms)


Started GET "/ideas/4" for 127.0.0.1 at 2017-06-18 13:21:48 +0800
Processing by IdeasController#show as HTML
  Parameters: {"id"=>"4"}
  [1m[36mIdea Load (0.2ms)[0m  [1m[34mSELECT  "ideas".* FROM "ideas" WHERE "ideas"."id" = ? LIMIT ?[0m  [["id", 4], ["LIMIT", 1]]
  Rendering ideas/show.html.erb within layouts/application
  Rendered ideas/show.html.erb within layouts/application (1.2ms)
Completed 200 OK in 21ms (Views: 18.3ms | ActiveRecord: 0.2ms)


Started GET "/" for 127.0.0.1 at 2017-06-18 13:21:54 +0800
Processing by Rails::WelcomeController#index as HTML
  Rendering /Users/chenchen/.rbenv/versions/2.4.1/lib/ruby/gems/2.4.0/gems/railties-5.1.1/lib/rails/templates/rails/welcome/index.html.erb
  Rendered /Users/chenchen/.rbenv/versions/2.4.1/lib/ruby/gems/2.4.0/gems/railties-5.1.1/lib/rails/templates/rails/welcome/index.html.erb (3.2ms)
Completed 200 OK in 14ms (Views: 7.8ms | ActiveRecord: 0.0ms)


Started GET "/" for 127.0.0.1 at 2017-06-18 13:21:54 +0800
Processing by Rails::WelcomeController#index as HTML
  Rendering /Users/chenchen/.rbenv/versions/2.4.1/lib/ruby/gems/2.4.0/gems/railties-5.1.1/lib/rails/templates/rails/welcome/index.html.erb
  Rendered /Users/chenchen/.rbenv/versions/2.4.1/lib/ruby/gems/2.4.0/gems/railties-5.1.1/lib/rails/templates/rails/welcome/index.html.erb (3.2ms)
Completed 200 OK in 9ms (Views: 6.6ms | ActiveRecord: 0.0ms)


Started GET "/ideas" for 127.0.0.1 at 2017-06-18 13:22:12 +0800
Processing by IdeasController#index as HTML
  Rendering ideas/index.html.erb within layouts/application
  [1m[36mIdea Load (0.3ms)[0m  [1m[34mSELECT "ideas".* FROM "ideas"[0m
  Rendered ideas/index.html.erb within layouts/application (3.8ms)
Completed 200 OK in 35ms (Views: 33.0ms | ActiveRecord: 0.3ms)


Started GET "/ideas" for 127.0.0.1 at 2017-06-18 13:22:14 +0800
Processing by IdeasController#index as HTML
  Rendering ideas/index.html.erb within layouts/application
  [1m[36mIdea Load (0.2ms)[0m  [1m[34mSELECT "ideas".* FROM "ideas"[0m
  Rendered ideas/index.html.erb within layouts/application (3.4ms)
Completed 200 OK in 21ms (Views: 18.7ms | ActiveRecord: 0.2ms)


Started GET "/ideas" for 127.0.0.1 at 2017-06-18 13:22:15 +0800
Processing by IdeasController#index as HTML
  Rendering ideas/index.html.erb within layouts/application
  [1m[36mIdea Load (0.2ms)[0m  [1m[34mSELECT "ideas".* FROM "ideas"[0m
  Rendered ideas/index.html.erb within layouts/application (2.7ms)
Completed 200 OK in 22ms (Views: 20.3ms | ActiveRecord: 0.2ms)


Started GET "/ideas" for 127.0.0.1 at 2017-06-18 13:22:15 +0800
Processing by IdeasController#index as HTML
  Rendering ideas/index.html.erb within layouts/application
  [1m[36mIdea Load (0.2ms)[0m  [1m[34mSELECT "ideas".* FROM "ideas"[0m
  Rendered ideas/index.html.erb within layouts/application (4.0ms)
Completed 200 OK in 27ms (Views: 25.4ms | ActiveRecord: 0.2ms)


Started GET "/ideas" for 127.0.0.1 at 2017-06-18 13:22:16 +0800
Processing by IdeasController#index as HTML
  Rendering ideas/index.html.erb within layouts/application
  [1m[36mIdea Load (0.3ms)[0m  [1m[34mSELECT "ideas".* FROM "ideas"[0m
  Rendered ideas/index.html.erb within layouts/application (4.6ms)
Completed 200 OK in 26ms (Views: 24.1ms | ActiveRecord: 0.3ms)


Started GET "/ideas" for 127.0.0.1 at 2017-06-18 13:22:17 +0800
Processing by IdeasController#index as HTML
  Rendering ideas/index.html.erb within layouts/application
  [1m[36mIdea Load (0.4ms)[0m  [1m[34mSELECT "ideas".* FROM "ideas"[0m
  Rendered ideas/index.html.erb within layouts/application (4.1ms)
Completed 200 OK in 29ms (Views: 27.4ms | ActiveRecord: 0.4ms)


Started GET "/ideas" for 127.0.0.1 at 2017-06-18 13:22:18 +0800
Processing by IdeasController#index as HTML
  Rendering ideas/index.html.erb within layouts/application
  [1m[36mIdea Load (0.2ms)[0m  [1m[34mSELECT "ideas".* FROM "ideas"[0m
  Rendered ideas/index.html.erb within layouts/application (5.1ms)
Completed 200 OK in 30ms (Views: 28.1ms | ActiveRecord: 0.2ms)


Started GET "/" for 127.0.0.1 at 2017-06-18 13:22:19 +0800
Processing by Rails::WelcomeController#index as HTML
  Rendering /Users/chenchen/.rbenv/versions/2.4.1/lib/ruby/gems/2.4.0/gems/railties-5.1.1/lib/rails/templates/rails/welcome/index.html.erb
  Rendered /Users/chenchen/.rbenv/versions/2.4.1/lib/ruby/gems/2.4.0/gems/railties-5.1.1/lib/rails/templates/rails/welcome/index.html.erb (4.1ms)
Completed 200 OK in 15ms (Views: 10.6ms | ActiveRecord: 0.0ms)


Started GET "/" for 127.0.0.1 at 2017-06-18 13:22:19 +0800
Processing by Rails::WelcomeController#index as HTML
  Rendering /Users/chenchen/.rbenv/versions/2.4.1/lib/ruby/gems/2.4.0/gems/railties-5.1.1/lib/rails/templates/rails/welcome/index.html.erb
  Rendered /Users/chenchen/.rbenv/versions/2.4.1/lib/ruby/gems/2.4.0/gems/railties-5.1.1/lib/rails/templates/rails/welcome/index.html.erb (2.8ms)
Completed 200 OK in 8ms (Views: 5.5ms | ActiveRecord: 0.0ms)


Started GET "/" for 127.0.0.1 at 2017-06-18 13:23:23 +0800
Started GET "/ideas" for 127.0.0.1 at 2017-06-18 13:23:23 +0800
Processing by IdeasController#index as HTML
  Rendering ideas/index.html.erb within layouts/application
  [1m[36mIdea Load (0.1ms)[0m  [1m[34mSELECT "ideas".* FROM "ideas"[0m
  Rendered ideas/index.html.erb within layouts/application (9.3ms)
Completed 200 OK in 45ms (Views: 36.2ms | ActiveRecord: 0.9ms)


Started GET "/ideas" for 127.0.0.1 at 2017-06-18 13:27:12 +0800
Processing by IdeasController#index as HTML
  Rendering ideas/index.html.erb within layouts/application
  [1m[36mIdea Load (0.1ms)[0m  [1m[34mSELECT "ideas".* FROM "ideas"[0m
  Rendered ideas/index.html.erb within layouts/application (10.3ms)
Completed 200 OK in 81ms (Views: 75.1ms | ActiveRecord: 0.7ms)


Started GET "/" for 127.0.0.1 at 2017-06-18 13:27:31 +0800
Started GET "/ideas" for 127.0.0.1 at 2017-06-18 13:27:31 +0800
Processing by IdeasController#index as HTML
  Rendering ideas/index.html.erb within layouts/application
  [1m[36mIdea Load (0.3ms)[0m  [1m[34mSELECT "ideas".* FROM "ideas"[0m
  Rendered ideas/index.html.erb within layouts/application (3.4ms)
Completed 200 OK in 35ms (Views: 30.0ms | ActiveRecord: 0.3ms)


Started GET "/" for 127.0.0.1 at 2017-06-18 13:27:41 +0800
Started GET "/ideas" for 127.0.0.1 at 2017-06-18 13:27:41 +0800
Processing by IdeasController#index as HTML
  Rendering ideas/index.html.erb within layouts/application
  [1m[36mIdea Load (0.1ms)[0m  [1m[34mSELECT "ideas".* FROM "ideas"[0m
  Rendered ideas/index.html.erb within layouts/application (2.4ms)
Completed 200 OK in 17ms (Views: 15.3ms | ActiveRecord: 0.1ms)


Started GET "/page/info" for 127.0.0.1 at 2017-06-18 13:27:45 +0800
  
ActionController::RoutingError (No route matches [GET] "/page/info"):
  
actionpack (5.1.1) lib/action_dispatch/middleware/debug_exceptions.rb:63:in `call'
web-console (3.5.1) lib/web_console/middleware.rb:135:in `call_app'
web-console (3.5.1) lib/web_console/middleware.rb:28:in `block in call'
web-console (3.5.1) lib/web_console/middleware.rb:18:in `catch'
web-console (3.5.1) lib/web_console/middleware.rb:18:in `call'
actionpack (5.1.1) lib/action_dispatch/middleware/show_exceptions.rb:31:in `call'
railties (5.1.1) lib/rails/rack/logger.rb:36:in `call_app'
railties (5.1.1) lib/rails/rack/logger.rb:24:in `block in call'
activesupport (5.1.1) lib/active_support/tagged_logging.rb:69:in `block in tagged'
activesupport (5.1.1) lib/active_support/tagged_logging.rb:26:in `tagged'
activesupport (5.1.1) lib/active_support/tagged_logging.rb:69:in `tagged'
railties (5.1.1) lib/rails/rack/logger.rb:24:in `call'
sprockets-rails (3.2.0) lib/sprockets/rails/quiet_assets.rb:13:in `call'
actionpack (5.1.1) lib/action_dispatch/middleware/remote_ip.rb:79:in `call'
actionpack (5.1.1) lib/action_dispatch/middleware/request_id.rb:25:in `call'
rack (2.0.3) lib/rack/method_override.rb:22:in `call'
rack (2.0.3) lib/rack/runtime.rb:22:in `call'
activesupport (5.1.1) lib/active_support/cache/strategy/local_cache_middleware.rb:27:in `call'
actionpack (5.1.1) lib/action_dispatch/middleware/executor.rb:12:in `call'
actionpack (5.1.1) lib/action_dispatch/middleware/static.rb:125:in `call'
rack (2.0.3) lib/rack/sendfile.rb:111:in `call'
railties (5.1.1) lib/rails/engine.rb:522:in `call'
puma (3.9.1) lib/puma/configuration.rb:224:in `call'
puma (3.9.1) lib/puma/server.rb:602:in `handle_request'
puma (3.9.1) lib/puma/server.rb:435:in `process_client'
puma (3.9.1) lib/puma/server.rb:299:in `block in run'
puma (3.9.1) lib/puma/thread_pool.rb:120:in `block in spawn_thread'
Started GET "/page/info" for 127.0.0.1 at 2017-06-18 13:28:31 +0800
  [1m[35m (0.4ms)[0m  [1m[34mSELECT "schema_migrations"."version" FROM "schema_migrations" ORDER BY "schema_migrations"."version" ASC[0m
  
ActionController::RoutingError (No route matches [GET] "/page/info"):
  
actionpack (5.1.1) lib/action_dispatch/middleware/debug_exceptions.rb:63:in `call'
web-console (3.5.1) lib/web_console/middleware.rb:135:in `call_app'
web-console (3.5.1) lib/web_console/middleware.rb:28:in `block in call'
web-console (3.5.1) lib/web_console/middleware.rb:18:in `catch'
web-console (3.5.1) lib/web_console/middleware.rb:18:in `call'
actionpack (5.1.1) lib/action_dispatch/middleware/show_exceptions.rb:31:in `call'
railties (5.1.1) lib/rails/rack/logger.rb:36:in `call_app'
railties (5.1.1) lib/rails/rack/logger.rb:24:in `block in call'
activesupport (5.1.1) lib/active_support/tagged_logging.rb:69:in `block in tagged'
activesupport (5.1.1) lib/active_support/tagged_logging.rb:26:in `tagged'
activesupport (5.1.1) lib/active_support/tagged_logging.rb:69:in `tagged'
railties (5.1.1) lib/rails/rack/logger.rb:24:in `call'
sprockets-rails (3.2.0) lib/sprockets/rails/quiet_assets.rb:13:in `call'
actionpack (5.1.1) lib/action_dispatch/middleware/remote_ip.rb:79:in `call'
actionpack (5.1.1) lib/action_dispatch/middleware/request_id.rb:25:in `call'
rack (2.0.3) lib/rack/method_override.rb:22:in `call'
rack (2.0.3) lib/rack/runtime.rb:22:in `call'
activesupport (5.1.1) lib/active_support/cache/strategy/local_cache_middleware.rb:27:in `call'
actionpack (5.1.1) lib/action_dispatch/middleware/executor.rb:12:in `call'
actionpack (5.1.1) lib/action_dispatch/middleware/static.rb:125:in `call'
rack (2.0.3) lib/rack/sendfile.rb:111:in `call'
railties (5.1.1) lib/rails/engine.rb:522:in `call'
puma (3.9.1) lib/puma/configuration.rb:224:in `call'
puma (3.9.1) lib/puma/server.rb:602:in `handle_request'
puma (3.9.1) lib/puma/server.rb:435:in `process_client'
puma (3.9.1) lib/puma/server.rb:299:in `block in run'
puma (3.9.1) lib/puma/thread_pool.rb:120:in `block in spawn_thread'
Started GET "/pages/info" for 127.0.0.1 at 2017-06-18 13:29:16 +0800
Processing by PagesController#info as HTML
  Rendering pages/info.html.erb within layouts/application
  Rendered pages/info.html.erb within layouts/application (0.3ms)
Completed 200 OK in 294ms (Views: 292.0ms | ActiveRecord: 0.0ms)


Started GET "/" for 127.0.0.1 at 2017-06-18 13:30:08 +0800
Started GET "/ideas" for 127.0.0.1 at 2017-06-18 13:30:08 +0800
Processing by IdeasController#index as HTML
  Rendering ideas/index.html.erb within layouts/application
  [1m[36mIdea Load (0.1ms)[0m  [1m[34mSELECT "ideas".* FROM "ideas"[0m
  Rendered ideas/index.html.erb within layouts/application (13.5ms)
Completed 200 OK in 41ms (Views: 29.8ms | ActiveRecord: 0.9ms)


Started GET "/ideas/new" for 127.0.0.1 at 2017-06-18 13:30:13 +0800
Processing by IdeasController#new as HTML
  Rendering ideas/new.html.erb within layouts/application
  Rendered ideas/_form.html.erb (11.8ms) [cache miss]
  Rendered ideas/new.html.erb within layouts/application (13.7ms)
Completed 200 OK in 34ms (Views: 29.2ms | ActiveRecord: 0.0ms)


Started GET "/" for 127.0.0.1 at 2017-06-18 13:31:34 +0800
Started GET "/ideas" for 127.0.0.1 at 2017-06-18 13:31:34 +0800
Processing by IdeasController#index as HTML
  Rendering ideas/index.html.erb within layouts/application
  [1m[36mIdea Load (0.3ms)[0m  [1m[34mSELECT "ideas".* FROM "ideas"[0m
  Rendered ideas/index.html.erb within layouts/application (7.5ms)
Completed 200 OK in 34ms (Views: 30.5ms | ActiveRecord: 0.3ms)


Started GET "/ideas/1" for 127.0.0.1 at 2017-06-18 13:31:37 +0800
Processing by IdeasController#show as HTML
  Parameters: {"id"=>"1"}
  [1m[36mIdea Load (0.4ms)[0m  [1m[34mSELECT  "ideas".* FROM "ideas" WHERE "ideas"."id" = ? LIMIT ?[0m  [["id", 1], ["LIMIT", 1]]
  Rendering ideas/show.html.erb within layouts/application
  Rendered ideas/show.html.erb within layouts/application (1.3ms)
Completed 200 OK in 31ms (Views: 21.7ms | ActiveRecord: 0.4ms)


Started GET "/ideas" for 127.0.0.1 at 2017-06-18 13:31:49 +0800
Processing by IdeasController#index as HTML
  Rendering ideas/index.html.erb within layouts/application
  [1m[36mIdea Load (0.2ms)[0m  [1m[34mSELECT "ideas".* FROM "ideas"[0m
  Rendered ideas/index.html.erb within layouts/application (4.5ms)
Completed 200 OK in 29ms (Views: 26.7ms | ActiveRecord: 0.2ms)


Started GET "/ideas/4" for 127.0.0.1 at 2017-06-18 13:31:51 +0800
Processing by IdeasController#show as HTML
  Parameters: {"id"=>"4"}
  [1m[36mIdea Load (0.2ms)[0m  [1m[34mSELECT  "ideas".* FROM "ideas" WHERE "ideas"."id" = ? LIMIT ?[0m  [["id", 4], ["LIMIT", 1]]
  Rendering ideas/show.html.erb within layouts/application
  Rendered ideas/show.html.erb within layouts/application (1.7ms)
Completed 200 OK in 27ms (Views: 24.0ms | ActiveRecord: 0.2ms)


Started GET "/ideas/4" for 127.0.0.1 at 2017-06-18 13:35:09 +0800
Started GET "/ideas/4/edit" for 127.0.0.1 at 2017-06-18 13:35:09 +0800
Processing by IdeasController#show as HTML
Processing by IdeasController#edit as HTML
  Parameters: {"id"=>"4"}
  Parameters: {"id"=>"4"}
  [1m[36mIdea Load (0.2ms)[0m  [1m[34mSELECT  "ideas".* FROM "ideas" WHERE "ideas"."id" = ? LIMIT ?[0m  [["id", 4], ["LIMIT", 1]]
  [1m[36mIdea Load (0.1ms)[0m  [1m[34mSELECT  "ideas".* FROM "ideas" WHERE "ideas"."id" = ? LIMIT ?[0m  [["id", 4], ["LIMIT", 1]]
  Rendering ideas/show.html.erb within layouts/application
  Rendered ideas/show.html.erb within layouts/application (2.3ms)
  Rendering ideas/edit.html.erb within layouts/application
  Rendered ideas/_form.html.erb (2.6ms) [cache miss]
  Rendered ideas/edit.html.erb within layouts/application (4.4ms)
Completed 200 OK in 45ms (Views: 42.3ms | ActiveRecord: 0.2ms)


Completed 200 OK in 45ms (Views: 34.1ms | ActiveRecord: 0.1ms)


Started GET "/ideas" for 127.0.0.1 at 2017-06-18 13:35:12 +0800
Processing by IdeasController#index as HTML
  Rendering ideas/index.html.erb within layouts/application
  [1m[36mIdea Load (0.2ms)[0m  [1m[34mSELECT "ideas".* FROM "ideas"[0m
  Rendered ideas/index.html.erb within layouts/application (6.2ms)
Completed 200 OK in 29ms (Views: 26.7ms | ActiveRecord: 0.2ms)


Started GET "/ideas" for 127.0.0.1 at 2017-06-18 13:35:48 +0800
Processing by IdeasController#index as HTML
  Rendering ideas/index.html.erb within layouts/application
  [1m[36mIdea Load (0.3ms)[0m  [1m[34mSELECT "ideas".* FROM "ideas"[0m
  Rendered ideas/index.html.erb within layouts/application (3.6ms)
Completed 200 OK in 31ms (Views: 29.2ms | ActiveRecord: 0.3ms)


Started GET "/pages/info" for 127.0.0.1 at 2017-06-18 13:35:51 +0800
Processing by PagesController#info as HTML
  Rendering pages/info.html.erb within layouts/application
  Rendered pages/info.html.erb within layouts/application (0.6ms)
Completed 200 OK in 26ms (Views: 22.3ms | ActiveRecord: 0.0ms)


Started GET "/pages/info" for 127.0.0.1 at 2017-06-18 13:37:43 +0800
Processing by PagesController#info as HTML
  Rendering pages/info.html.erb within layouts/application
  Rendered pages/info.html.erb within layouts/application (0.3ms)
Completed 200 OK in 19ms (Views: 17.2ms)


Started GET "/" for 127.0.0.1 at 2017-06-18 13:37:45 +0800
Started GET "/ideas/new" for 127.0.0.1 at 2017-06-18 13:37:45 +0800
Processing by IdeasController#new as HTML
  Rendering ideas/new.html.erb within layouts/application
  Rendered ideas/_form.html.erb (3.8ms) [cache miss]
  Rendered ideas/new.html.erb within layouts/application (5.7ms)
Completed 200 OK in 42ms (Views: 25.4ms | ActiveRecord: 1.1ms)


Started GET "/" for 127.0.0.1 at 2017-06-18 13:37:46 +0800
Started GET "/ideas/new" for 127.0.0.1 at 2017-06-18 13:37:46 +0800
Processing by IdeasController#new as HTML
  Rendering ideas/new.html.erb within layouts/application
  Rendered ideas/_form.html.erb (3.2ms) [cache miss]
  Rendered ideas/new.html.erb within layouts/application (5.4ms)
Completed 200 OK in 27ms (Views: 25.0ms | ActiveRecord: 0.0ms)


Started GET "/ideas/new" for 127.0.0.1 at 2017-06-18 13:38:05 +0800
Processing by IdeasController#new as HTML
  Rendering ideas/new.html.erb within layouts/application
  Rendered ideas/_form.html.erb (4.0ms) [cache miss]
  Rendered ideas/new.html.erb within layouts/application (5.5ms)
Completed 200 OK in 35ms (Views: 21.6ms | ActiveRecord: 0.9ms)


Started GET "/ideas/new" for 127.0.0.1 at 2017-06-18 13:38:06 +0800
Processing by IdeasController#new as HTML
  Rendering ideas/new.html.erb within layouts/application
  Rendered ideas/_form.html.erb (2.3ms) [cache miss]
  Rendered ideas/new.html.erb within layouts/application (4.0ms)
Completed 200 OK in 34ms (Views: 32.2ms | ActiveRecord: 0.0ms)


Started GET "/" for 127.0.0.1 at 2017-06-18 13:38:06 +0800
Started GET "/ideas/pages/info" for 127.0.0.1 at 2017-06-18 13:38:06 +0800
  
ActionController::RoutingError (No route matches [GET] "/ideas/pages/info"):
  
actionpack (5.1.1) lib/action_dispatch/middleware/debug_exceptions.rb:63:in `call'
web-console (3.5.1) lib/web_console/middleware.rb:135:in `call_app'
web-console (3.5.1) lib/web_console/middleware.rb:28:in `block in call'
web-console (3.5.1) lib/web_console/middleware.rb:18:in `catch'
web-console (3.5.1) lib/web_console/middleware.rb:18:in `call'
actionpack (5.1.1) lib/action_dispatch/middleware/show_exceptions.rb:31:in `call'
railties (5.1.1) lib/rails/rack/logger.rb:36:in `call_app'
railties (5.1.1) lib/rails/rack/logger.rb:24:in `block in call'
activesupport (5.1.1) lib/active_support/tagged_logging.rb:69:in `block in tagged'
activesupport (5.1.1) lib/active_support/tagged_logging.rb:26:in `tagged'
activesupport (5.1.1) lib/active_support/tagged_logging.rb:69:in `tagged'
railties (5.1.1) lib/rails/rack/logger.rb:24:in `call'
sprockets-rails (3.2.0) lib/sprockets/rails/quiet_assets.rb:13:in `call'
actionpack (5.1.1) lib/action_dispatch/middleware/remote_ip.rb:79:in `call'
actionpack (5.1.1) lib/action_dispatch/middleware/request_id.rb:25:in `call'
rack (2.0.3) lib/rack/method_override.rb:22:in `call'
rack (2.0.3) lib/rack/runtime.rb:22:in `call'
activesupport (5.1.1) lib/active_support/cache/strategy/local_cache_middleware.rb:27:in `call'
actionpack (5.1.1) lib/action_dispatch/middleware/executor.rb:12:in `call'
actionpack (5.1.1) lib/action_dispatch/middleware/static.rb:125:in `call'
rack (2.0.3) lib/rack/sendfile.rb:111:in `call'
railties (5.1.1) lib/rails/engine.rb:522:in `call'
puma (3.9.1) lib/puma/configuration.rb:224:in `call'
puma (3.9.1) lib/puma/server.rb:602:in `handle_request'
puma (3.9.1) lib/puma/server.rb:435:in `process_client'
puma (3.9.1) lib/puma/server.rb:299:in `block in run'
puma (3.9.1) lib/puma/thread_pool.rb:120:in `block in spawn_thread'
Started GET "/" for 127.0.0.1 at 2017-06-18 13:38:07 +0800
Started GET "/ideas/pages/info" for 127.0.0.1 at 2017-06-18 13:38:07 +0800
  
ActionController::RoutingError (No route matches [GET] "/ideas/pages/info"):
  
actionpack (5.1.1) lib/action_dispatch/middleware/debug_exceptions.rb:63:in `call'
web-console (3.5.1) lib/web_console/middleware.rb:135:in `call_app'
web-console (3.5.1) lib/web_console/middleware.rb:28:in `block in call'
web-console (3.5.1) lib/web_console/middleware.rb:18:in `catch'
web-console (3.5.1) lib/web_console/middleware.rb:18:in `call'
actionpack (5.1.1) lib/action_dispatch/middleware/show_exceptions.rb:31:in `call'
railties (5.1.1) lib/rails/rack/logger.rb:36:in `call_app'
railties (5.1.1) lib/rails/rack/logger.rb:24:in `block in call'
activesupport (5.1.1) lib/active_support/tagged_logging.rb:69:in `block in tagged'
activesupport (5.1.1) lib/active_support/tagged_logging.rb:26:in `tagged'
activesupport (5.1.1) lib/active_support/tagged_logging.rb:69:in `tagged'
railties (5.1.1) lib/rails/rack/logger.rb:24:in `call'
sprockets-rails (3.2.0) lib/sprockets/rails/quiet_assets.rb:13:in `call'
actionpack (5.1.1) lib/action_dispatch/middleware/remote_ip.rb:79:in `call'
actionpack (5.1.1) lib/action_dispatch/middleware/request_id.rb:25:in `call'
rack (2.0.3) lib/rack/method_override.rb:22:in `call'
rack (2.0.3) lib/rack/runtime.rb:22:in `call'
activesupport (5.1.1) lib/active_support/cache/strategy/local_cache_middleware.rb:27:in `call'
actionpack (5.1.1) lib/action_dispatch/middleware/executor.rb:12:in `call'
actionpack (5.1.1) lib/action_dispatch/middleware/static.rb:125:in `call'
rack (2.0.3) lib/rack/sendfile.rb:111:in `call'
railties (5.1.1) lib/rails/engine.rb:522:in `call'
puma (3.9.1) lib/puma/configuration.rb:224:in `call'
puma (3.9.1) lib/puma/server.rb:602:in `handle_request'
puma (3.9.1) lib/puma/server.rb:435:in `process_client'
puma (3.9.1) lib/puma/server.rb:299:in `block in run'
puma (3.9.1) lib/puma/thread_pool.rb:120:in `block in spawn_thread'
Started GET "/pages/info" for 127.0.0.1 at 2017-06-18 13:38:20 +0800
Processing by PagesController#info as HTML
  Rendering pages/info.html.erb within layouts/application
  Rendered pages/info.html.erb within layouts/application (0.4ms)
Completed 200 OK in 30ms (Views: 26.3ms | ActiveRecord: 0.0ms)


Started GET "/pages/info" for 127.0.0.1 at 2017-06-18 13:38:23 +0800
Processing by PagesController#info as HTML
  Rendering pages/info.html.erb within layouts/application
  Rendered pages/info.html.erb within layouts/application (0.3ms)
Completed 200 OK in 17ms (Views: 15.2ms | ActiveRecord: 0.0ms)


Started GET "/" for 127.0.0.1 at 2017-06-18 13:38:25 +0800
Started GET "/ideas/pages/info" for 127.0.0.1 at 2017-06-18 13:38:25 +0800
  
ActionController::RoutingError (No route matches [GET] "/ideas/pages/info"):
  
actionpack (5.1.1) lib/action_dispatch/middleware/debug_exceptions.rb:63:in `call'
web-console (3.5.1) lib/web_console/middleware.rb:135:in `call_app'
web-console (3.5.1) lib/web_console/middleware.rb:28:in `block in call'
web-console (3.5.1) lib/web_console/middleware.rb:18:in `catch'
web-console (3.5.1) lib/web_console/middleware.rb:18:in `call'
actionpack (5.1.1) lib/action_dispatch/middleware/show_exceptions.rb:31:in `call'
railties (5.1.1) lib/rails/rack/logger.rb:36:in `call_app'
railties (5.1.1) lib/rails/rack/logger.rb:24:in `block in call'
activesupport (5.1.1) lib/active_support/tagged_logging.rb:69:in `block in tagged'
activesupport (5.1.1) lib/active_support/tagged_logging.rb:26:in `tagged'
activesupport (5.1.1) lib/active_support/tagged_logging.rb:69:in `tagged'
railties (5.1.1) lib/rails/rack/logger.rb:24:in `call'
sprockets-rails (3.2.0) lib/sprockets/rails/quiet_assets.rb:13:in `call'
actionpack (5.1.1) lib/action_dispatch/middleware/remote_ip.rb:79:in `call'
actionpack (5.1.1) lib/action_dispatch/middleware/request_id.rb:25:in `call'
rack (2.0.3) lib/rack/method_override.rb:22:in `call'
rack (2.0.3) lib/rack/runtime.rb:22:in `call'
activesupport (5.1.1) lib/active_support/cache/strategy/local_cache_middleware.rb:27:in `call'
actionpack (5.1.1) lib/action_dispatch/middleware/executor.rb:12:in `call'
actionpack (5.1.1) lib/action_dispatch/middleware/static.rb:125:in `call'
rack (2.0.3) lib/rack/sendfile.rb:111:in `call'
railties (5.1.1) lib/rails/engine.rb:522:in `call'
puma (3.9.1) lib/puma/configuration.rb:224:in `call'
puma (3.9.1) lib/puma/server.rb:602:in `handle_request'
puma (3.9.1) lib/puma/server.rb:435:in `process_client'
puma (3.9.1) lib/puma/server.rb:299:in `block in run'
puma (3.9.1) lib/puma/thread_pool.rb:120:in `block in spawn_thread'
Started GET "/" for 127.0.0.1 at 2017-06-18 13:38:25 +0800
Started GET "/ideas/pages/info" for 127.0.0.1 at 2017-06-18 13:38:25 +0800
  
ActionController::RoutingError (No route matches [GET] "/ideas/pages/info"):
  
actionpack (5.1.1) lib/action_dispatch/middleware/debug_exceptions.rb:63:in `call'
web-console (3.5.1) lib/web_console/middleware.rb:135:in `call_app'
web-console (3.5.1) lib/web_console/middleware.rb:28:in `block in call'
web-console (3.5.1) lib/web_console/middleware.rb:18:in `catch'
web-console (3.5.1) lib/web_console/middleware.rb:18:in `call'
actionpack (5.1.1) lib/action_dispatch/middleware/show_exceptions.rb:31:in `call'
railties (5.1.1) lib/rails/rack/logger.rb:36:in `call_app'
railties (5.1.1) lib/rails/rack/logger.rb:24:in `block in call'
activesupport (5.1.1) lib/active_support/tagged_logging.rb:69:in `block in tagged'
activesupport (5.1.1) lib/active_support/tagged_logging.rb:26:in `tagged'
activesupport (5.1.1) lib/active_support/tagged_logging.rb:69:in `tagged'
railties (5.1.1) lib/rails/rack/logger.rb:24:in `call'
sprockets-rails (3.2.0) lib/sprockets/rails/quiet_assets.rb:13:in `call'
actionpack (5.1.1) lib/action_dispatch/middleware/remote_ip.rb:79:in `call'
actionpack (5.1.1) lib/action_dispatch/middleware/request_id.rb:25:in `call'
rack (2.0.3) lib/rack/method_override.rb:22:in `call'
rack (2.0.3) lib/rack/runtime.rb:22:in `call'
activesupport (5.1.1) lib/active_support/cache/strategy/local_cache_middleware.rb:27:in `call'
actionpack (5.1.1) lib/action_dispatch/middleware/executor.rb:12:in `call'
actionpack (5.1.1) lib/action_dispatch/middleware/static.rb:125:in `call'
rack (2.0.3) lib/rack/sendfile.rb:111:in `call'
railties (5.1.1) lib/rails/engine.rb:522:in `call'
puma (3.9.1) lib/puma/configuration.rb:224:in `call'
puma (3.9.1) lib/puma/server.rb:602:in `handle_request'
puma (3.9.1) lib/puma/server.rb:435:in `process_client'
puma (3.9.1) lib/puma/server.rb:299:in `block in run'
puma (3.9.1) lib/puma/thread_pool.rb:120:in `block in spawn_thread'
Started GET "/ideas/pages/info" for 127.0.0.1 at 2017-06-18 13:38:38 +0800
  
ActionController::RoutingError (No route matches [GET] "/ideas/pages/info"):
  
actionpack (5.1.1) lib/action_dispatch/middleware/debug_exceptions.rb:63:in `call'
web-console (3.5.1) lib/web_console/middleware.rb:135:in `call_app'
web-console (3.5.1) lib/web_console/middleware.rb:28:in `block in call'
web-console (3.5.1) lib/web_console/middleware.rb:18:in `catch'
web-console (3.5.1) lib/web_console/middleware.rb:18:in `call'
actionpack (5.1.1) lib/action_dispatch/middleware/show_exceptions.rb:31:in `call'
railties (5.1.1) lib/rails/rack/logger.rb:36:in `call_app'
railties (5.1.1) lib/rails/rack/logger.rb:24:in `block in call'
activesupport (5.1.1) lib/active_support/tagged_logging.rb:69:in `block in tagged'
activesupport (5.1.1) lib/active_support/tagged_logging.rb:26:in `tagged'
activesupport (5.1.1) lib/active_support/tagged_logging.rb:69:in `tagged'
railties (5.1.1) lib/rails/rack/logger.rb:24:in `call'
sprockets-rails (3.2.0) lib/sprockets/rails/quiet_assets.rb:13:in `call'
actionpack (5.1.1) lib/action_dispatch/middleware/remote_ip.rb:79:in `call'
actionpack (5.1.1) lib/action_dispatch/middleware/request_id.rb:25:in `call'
rack (2.0.3) lib/rack/method_override.rb:22:in `call'
rack (2.0.3) lib/rack/runtime.rb:22:in `call'
activesupport (5.1.1) lib/active_support/cache/strategy/local_cache_middleware.rb:27:in `call'
actionpack (5.1.1) lib/action_dispatch/middleware/executor.rb:12:in `call'
actionpack (5.1.1) lib/action_dispatch/middleware/static.rb:125:in `call'
rack (2.0.3) lib/rack/sendfile.rb:111:in `call'
railties (5.1.1) lib/rails/engine.rb:522:in `call'
puma (3.9.1) lib/puma/configuration.rb:224:in `call'
puma (3.9.1) lib/puma/server.rb:602:in `handle_request'
puma (3.9.1) lib/puma/server.rb:435:in `process_client'
puma (3.9.1) lib/puma/server.rb:299:in `block in run'
puma (3.9.1) lib/puma/thread_pool.rb:120:in `block in spawn_thread'
Started GET "/pages/info" for 127.0.0.1 at 2017-06-18 13:38:44 +0800
Processing by PagesController#info as HTML
  Rendering pages/info.html.erb within layouts/application
  Rendered pages/info.html.erb within layouts/application (0.3ms)
Completed 200 OK in 26ms (Views: 23.7ms)


Started GET "/" for 127.0.0.1 at 2017-06-18 13:38:45 +0800
Started GET "/ideas" for 127.0.0.1 at 2017-06-18 13:38:45 +0800
Processing by IdeasController#index as HTML
  Rendering ideas/index.html.erb within layouts/application
  [1m[36mIdea Load (0.1ms)[0m  [1m[34mSELECT "ideas".* FROM "ideas"[0m
  Rendered ideas/index.html.erb within layouts/application (15.3ms)
Completed 200 OK in 39ms (Views: 32.2ms | ActiveRecord: 0.8ms)


Started GET "/" for 127.0.0.1 at 2017-06-18 13:38:45 +0800
Started GET "/ideas" for 127.0.0.1 at 2017-06-18 13:38:45 +0800
Processing by IdeasController#index as HTML
  Rendering ideas/index.html.erb within layouts/application
  [1m[36mIdea Load (0.3ms)[0m  [1m[34mSELECT "ideas".* FROM "ideas"[0m
  Rendered ideas/index.html.erb within layouts/application (4.7ms)
Completed 200 OK in 29ms (Views: 26.6ms | ActiveRecord: 0.3ms)


Started GET "/pages/info" for 127.0.0.1 at 2017-06-18 13:38:47 +0800
Processing by PagesController#info as HTML
  Rendering pages/info.html.erb within layouts/application
  Rendered pages/info.html.erb within layouts/application (0.4ms)
Completed 200 OK in 27ms (Views: 25.7ms | ActiveRecord: 0.0ms)


Started GET "/pages/info" for 127.0.0.1 at 2017-06-18 13:39:04 +0800
Processing by PagesController#info as HTML
  Rendering pages/info.html.erb within layouts/application
  Rendered pages/info.html.erb within layouts/application (0.3ms)
Completed 200 OK in 16ms (Views: 14.1ms)


Started GET "/" for 127.0.0.1 at 2017-06-18 13:39:06 +0800
Started GET "/pages/info" for 127.0.0.1 at 2017-06-18 13:39:06 +0800
Processing by PagesController#info as HTML
  Rendering pages/info.html.erb within layouts/application
  Rendered pages/info.html.erb within layouts/application (0.3ms)
Completed 200 OK in 17ms (Views: 15.4ms)


Started GET "/" for 127.0.0.1 at 2017-06-18 13:39:06 +0800
Started GET "/pages/info" for 127.0.0.1 at 2017-06-18 13:39:06 +0800
Processing by PagesController#info as HTML
  Rendering pages/info.html.erb within layouts/application
  Rendered pages/info.html.erb within layouts/application (0.4ms)
Completed 200 OK in 23ms (Views: 21.1ms)


Started GET "/" for 192.168.140.90 at 2017-06-18 14:44:16 +0800
Cannot render console from 192.168.140.90! Allowed networks: 127.0.0.1, ::1, 127.0.0.0/127.255.255.255
  [1m[35m (0.6ms)[0m  [1m[34mSELECT "schema_migrations"."version" FROM "schema_migrations" ORDER BY "schema_migrations"."version" ASC[0m
Started GET "/pages/info" for 192.168.140.90 at 2017-06-18 14:44:16 +0800
Cannot render console from 192.168.140.90! Allowed networks: 127.0.0.1, ::1, 127.0.0.0/127.255.255.255
Processing by PagesController#info as HTML
  Rendering pages/info.html.erb within layouts/application
  Rendered pages/info.html.erb within layouts/application (1.2ms)
Completed 200 OK in 178ms (Views: 169.2ms | ActiveRecord: 0.0ms)


Started GET "/" for 192.168.111.132 at 2017-06-18 14:45:13 +0800
Cannot render console from 192.168.111.132! Allowed networks: 127.0.0.1, ::1, 127.0.0.0/127.255.255.255
Started GET "/pages/info" for 192.168.111.132 at 2017-06-18 14:45:13 +0800
Cannot render console from 192.168.111.132! Allowed networks: 127.0.0.1, ::1, 127.0.0.0/127.255.255.255
Processing by PagesController#info as HTML
  Rendering pages/info.html.erb within layouts/application
  Rendered pages/info.html.erb within layouts/application (0.8ms)
Completed 200 OK in 52ms (Views: 48.5ms | ActiveRecord: 0.0ms)


Started GET "/" for 192.168.140.99 at 2017-06-18 14:45:52 +0800
Cannot render console from 192.168.140.99! Allowed networks: 127.0.0.1, ::1, 127.0.0.0/127.255.255.255
Started GET "/pages/info" for 192.168.140.99 at 2017-06-18 14:45:52 +0800
Cannot render console from 192.168.140.99! Allowed networks: 127.0.0.1, ::1, 127.0.0.0/127.255.255.255
Processing by PagesController#info as HTML
  Rendering pages/info.html.erb within layouts/application
  Rendered pages/info.html.erb within layouts/application (0.7ms)
Completed 200 OK in 60ms (Views: 57.5ms | ActiveRecord: 0.0ms)


Started GET "/" for 192.168.121.72 at 2017-06-18 14:47:07 +0800
Cannot render console from 192.168.121.72! Allowed networks: 127.0.0.1, ::1, 127.0.0.0/127.255.255.255
Started GET "/pages/info" for 192.168.121.72 at 2017-06-18 14:47:07 +0800
Cannot render console from 192.168.121.72! Allowed networks: 127.0.0.1, ::1, 127.0.0.0/127.255.255.255
Processing by PagesController#info as HTML
  Rendering pages/info.html.erb within layouts/application
  Rendered pages/info.html.erb within layouts/application (0.3ms)
Completed 200 OK in 33ms (Views: 30.7ms | ActiveRecord: 0.0ms)


Started GET "/" for 192.168.121.72 at 2017-06-18 14:47:19 +0800
Cannot render console from 192.168.121.72! Allowed networks: 127.0.0.1, ::1, 127.0.0.0/127.255.255.255
Started GET "/pages/info" for 192.168.121.72 at 2017-06-18 14:47:19 +0800
Cannot render console from 192.168.121.72! Allowed networks: 127.0.0.1, ::1, 127.0.0.0/127.255.255.255
Processing by PagesController#info as HTML
  Rendering pages/info.html.erb within layouts/application
  Rendered pages/info.html.erb within layouts/application (0.4ms)
Completed 200 OK in 23ms (Views: 20.7ms | ActiveRecord: 0.0ms)


